{"uuid":"7a972b41-5650-4087-b0ca-9b6de8f78653","historyId":"bbad77208ab3d086f2dbfeeff91e1bec","fullName":"com.example.amadeus.FlightAppUITests.testSearchDifferentCities","labels":[{"name":"package","value":"com.example.amadeus.FlightAppUITests"},{"name":"testClass","value":"com.example.amadeus.FlightAppUITests"},{"name":"testMethod","value":"testSearchDifferentCities"},{"name":"parentSuite","value":"Default Suite"},{"name":"suite","value":"amadeus"},{"name":"subSuite","value":"com.example.amadeus.FlightAppUITests"},{"name":"host","value":"DESKTOP-1HIO82U"},{"name":"thread","value":"13308@DESKTOP-1HIO82U.main(1)"},{"name":"framework","value":"testng"},{"name":"language","value":"java"}],"links":[],"name":"testSearchDifferentCities","status":"broken","statusDetails":{"known":false,"muted":false,"flaky":false,"message":"Error {\n  message='DOMException: Failed to execute 'querySelectorAll' on 'Document': 'body > main > div.mt-24.max-w-5xl.w-full.justify-center.items-center.text-sm.lg:flex' is not a valid selector.\n    at eval (eval at evaluate (:226:30), <anonymous>:1:16)\n    at UtilityScript.evaluate (<anonymous>:233:19)\n    at UtilityScript.<anonymous> (<anonymous>:1:44)\n  name='Error\n  stack='Error: DOMException: Failed to execute 'querySelectorAll' on 'Document': 'body > main > div.mt-24.max-w-5xl.w-full.justify-center.items-center.text-sm.lg:flex' is not a valid selector.\n    at eval (eval at evaluate (:226:30), <anonymous>:1:16)\n    at UtilityScript.evaluate (<anonymous>:233:19)\n    at UtilityScript.<anonymous> (<anonymous>:1:44)\n    at CRExecutionContext.evaluateWithArguments (C:\\Users\\Muhammed\\AppData\\Local\\Temp\\playwright-java-2920240529936589647\\package\\lib\\server\\chromium\\crExecutionContext.js:92:33)\n    at async LongStandingScope._race (C:\\Users\\Muhammed\\AppData\\Local\\Temp\\playwright-java-2920240529936589647\\package\\lib\\utils\\manualPromise.js:96:14)\n    at async Object.evaluateExpression (C:\\Users\\Muhammed\\AppData\\Local\\Temp\\playwright-java-2920240529936589647\\package\\lib\\server\\javascript.js:241:12)\n    at async Frame.evaluateExpression (C:\\Users\\Muhammed\\AppData\\Local\\Temp\\playwright-java-2920240529936589647\\package\\lib\\server\\frames.js:598:19)\n    at async FrameDispatcher.evaluateExpression (C:\\Users\\Muhammed\\AppData\\Local\\Temp\\playwright-java-2920240529936589647\\package\\lib\\server\\dispatchers\\frameDispatcher.js:85:55)\n    at async LongStandingScope._race (C:\\Users\\Muhammed\\AppData\\Local\\Temp\\playwright-java-2920240529936589647\\package\\lib\\utils\\manualPromise.js:96:14)\n    at async FrameDispatcher._handleCommand (C:\\Users\\Muhammed\\AppData\\Local\\Temp\\playwright-java-2920240529936589647\\package\\lib\\server\\dispatchers\\dispatcher.js:86:14)\n    at async DispatcherConnection.dispatch (C:\\Users\\Muhammed\\AppData\\Local\\Temp\\playwright-java-2920240529936589647\\package\\lib\\server\\dispatchers\\dispatcher.js:351:22)\n}","trace":"com.microsoft.playwright.PlaywrightException: Error {\n  message='DOMException: Failed to execute 'querySelectorAll' on 'Document': 'body > main > div.mt-24.max-w-5xl.w-full.justify-center.items-center.text-sm.lg:flex' is not a valid selector.\n    at eval (eval at evaluate (:226:30), <anonymous>:1:16)\n    at UtilityScript.evaluate (<anonymous>:233:19)\n    at UtilityScript.<anonymous> (<anonymous>:1:44)\n  name='Error\n  stack='Error: DOMException: Failed to execute 'querySelectorAll' on 'Document': 'body > main > div.mt-24.max-w-5xl.w-full.justify-center.items-center.text-sm.lg:flex' is not a valid selector.\n    at eval (eval at evaluate (:226:30), <anonymous>:1:16)\n    at UtilityScript.evaluate (<anonymous>:233:19)\n    at UtilityScript.<anonymous> (<anonymous>:1:44)\n    at CRExecutionContext.evaluateWithArguments (C:\\Users\\Muhammed\\AppData\\Local\\Temp\\playwright-java-2920240529936589647\\package\\lib\\server\\chromium\\crExecutionContext.js:92:33)\n    at async LongStandingScope._race (C:\\Users\\Muhammed\\AppData\\Local\\Temp\\playwright-java-2920240529936589647\\package\\lib\\utils\\manualPromise.js:96:14)\n    at async Object.evaluateExpression (C:\\Users\\Muhammed\\AppData\\Local\\Temp\\playwright-java-2920240529936589647\\package\\lib\\server\\javascript.js:241:12)\n    at async Frame.evaluateExpression (C:\\Users\\Muhammed\\AppData\\Local\\Temp\\playwright-java-2920240529936589647\\package\\lib\\server\\frames.js:598:19)\n    at async FrameDispatcher.evaluateExpression (C:\\Users\\Muhammed\\AppData\\Local\\Temp\\playwright-java-2920240529936589647\\package\\lib\\server\\dispatchers\\frameDispatcher.js:85:55)\n    at async LongStandingScope._race (C:\\Users\\Muhammed\\AppData\\Local\\Temp\\playwright-java-2920240529936589647\\package\\lib\\utils\\manualPromise.js:96:14)\n    at async FrameDispatcher._handleCommand (C:\\Users\\Muhammed\\AppData\\Local\\Temp\\playwright-java-2920240529936589647\\package\\lib\\server\\dispatchers\\dispatcher.js:86:14)\n    at async DispatcherConnection.dispatch (C:\\Users\\Muhammed\\AppData\\Local\\Temp\\playwright-java-2920240529936589647\\package\\lib\\server\\dispatchers\\dispatcher.js:351:22)\n}\r\n\tat com.microsoft.playwright.impl.WaitableResult.get(WaitableResult.java:54)\r\n\tat com.microsoft.playwright.impl.ChannelOwner.runUntil(ChannelOwner.java:120)\r\n\tat com.microsoft.playwright.impl.Connection.sendMessage(Connection.java:129)\r\n\tat com.microsoft.playwright.impl.ChannelOwner.sendMessage(ChannelOwner.java:106)\r\n\tat com.microsoft.playwright.impl.FrameImpl.evaluateImpl(FrameImpl.java:304)\r\n\tat com.microsoft.playwright.impl.PageImpl.lambda$evaluate$22(PageImpl.java:626)\r\n\tat com.microsoft.playwright.impl.LoggingSupport.withLogging(LoggingSupport.java:47)\r\n\tat com.microsoft.playwright.impl.ChannelOwner.withLogging(ChannelOwner.java:89)\r\n\tat com.microsoft.playwright.impl.PageImpl.evaluate(PageImpl.java:626)\r\n\tat com.microsoft.playwright.Page.evaluate(Page.java:4253)\r\n\tat com.example.amadeus.FlightAppUITests.testSearchDifferentCities(FlightAppUITests.java:52)\r\n\tat java.base/jdk.internal.reflect.DirectMethodHandleAccessor.invoke(DirectMethodHandleAccessor.java:104)\r\n\tat java.base/java.lang.reflect.Method.invoke(Method.java:578)\r\n\tat org.testng.internal.invokers.MethodInvocationHelper.invokeMethod(MethodInvocationHelper.java:139)\r\n\tat org.testng.internal.invokers.TestInvoker.invokeMethod(TestInvoker.java:677)\r\n\tat org.testng.internal.invokers.TestInvoker.invokeTestMethod(TestInvoker.java:221)\r\n\tat org.testng.internal.invokers.MethodRunner.runInSequence(MethodRunner.java:50)\r\n\tat org.testng.internal.invokers.TestInvoker$MethodInvocationAgent.invoke(TestInvoker.java:969)\r\n\tat org.testng.internal.invokers.TestInvoker.invokeTestMethods(TestInvoker.java:194)\r\n\tat org.testng.internal.invokers.TestMethodWorker.invokeTestMethods(TestMethodWorker.java:148)\r\n\tat org.testng.internal.invokers.TestMethodWorker.run(TestMethodWorker.java:128)\r\n\tat java.base/java.util.ArrayList.forEach(ArrayList.java:1511)\r\n\tat org.testng.TestRunner.privateRun(TestRunner.java:829)\r\n\tat org.testng.TestRunner.run(TestRunner.java:602)\r\n\tat org.testng.SuiteRunner.runTest(SuiteRunner.java:437)\r\n\tat org.testng.SuiteRunner.runSequentially(SuiteRunner.java:431)\r\n\tat org.testng.SuiteRunner.privateRun(SuiteRunner.java:391)\r\n\tat org.testng.SuiteRunner.run(SuiteRunner.java:330)\r\n\tat org.testng.SuiteRunnerWorker.runSuite(SuiteRunnerWorker.java:52)\r\n\tat org.testng.SuiteRunnerWorker.run(SuiteRunnerWorker.java:95)\r\n\tat org.testng.TestNG.runSuitesSequentially(TestNG.java:1256)\r\n\tat org.testng.TestNG.runSuitesLocally(TestNG.java:1176)\r\n\tat org.testng.TestNG.runSuites(TestNG.java:1099)\r\n\tat org.testng.TestNG.run(TestNG.java:1067)\r\n\tat com.intellij.rt.testng.IDEARemoteTestNG.run(IDEARemoteTestNG.java:66)\r\n\tat com.intellij.rt.testng.RemoteTestNGStarter.main(RemoteTestNGStarter.java:105)\r\nCaused by: com.microsoft.playwright.impl.DriverException: Error {\n  message='DOMException: Failed to execute 'querySelectorAll' on 'Document': 'body > main > div.mt-24.max-w-5xl.w-full.justify-center.items-center.text-sm.lg:flex' is not a valid selector.\n    at eval (eval at evaluate (:226:30), <anonymous>:1:16)\n    at UtilityScript.evaluate (<anonymous>:233:19)\n    at UtilityScript.<anonymous> (<anonymous>:1:44)\n  name='Error\n  stack='Error: DOMException: Failed to execute 'querySelectorAll' on 'Document': 'body > main > div.mt-24.max-w-5xl.w-full.justify-center.items-center.text-sm.lg:flex' is not a valid selector.\n    at eval (eval at evaluate (:226:30), <anonymous>:1:16)\n    at UtilityScript.evaluate (<anonymous>:233:19)\n    at UtilityScript.<anonymous> (<anonymous>:1:44)\n    at CRExecutionContext.evaluateWithArguments (C:\\Users\\Muhammed\\AppData\\Local\\Temp\\playwright-java-2920240529936589647\\package\\lib\\server\\chromium\\crExecutionContext.js:92:33)\n    at async LongStandingScope._race (C:\\Users\\Muhammed\\AppData\\Local\\Temp\\playwright-java-2920240529936589647\\package\\lib\\utils\\manualPromise.js:96:14)\n    at async Object.evaluateExpression (C:\\Users\\Muhammed\\AppData\\Local\\Temp\\playwright-java-2920240529936589647\\package\\lib\\server\\javascript.js:241:12)\n    at async Frame.evaluateExpression (C:\\Users\\Muhammed\\AppData\\Local\\Temp\\playwright-java-2920240529936589647\\package\\lib\\server\\frames.js:598:19)\n    at async FrameDispatcher.evaluateExpression (C:\\Users\\Muhammed\\AppData\\Local\\Temp\\playwright-java-2920240529936589647\\package\\lib\\server\\dispatchers\\frameDispatcher.js:85:55)\n    at async LongStandingScope._race (C:\\Users\\Muhammed\\AppData\\Local\\Temp\\playwright-java-2920240529936589647\\package\\lib\\utils\\manualPromise.js:96:14)\n    at async FrameDispatcher._handleCommand (C:\\Users\\Muhammed\\AppData\\Local\\Temp\\playwright-java-2920240529936589647\\package\\lib\\server\\dispatchers\\dispatcher.js:86:14)\n    at async DispatcherConnection.dispatch (C:\\Users\\Muhammed\\AppData\\Local\\Temp\\playwright-java-2920240529936589647\\package\\lib\\server\\dispatchers\\dispatcher.js:351:22)\n}\r\n\tat com.microsoft.playwright.impl.Connection.dispatch(Connection.java:257)\r\n\tat com.microsoft.playwright.impl.Connection.processOneMessage(Connection.java:209)\r\n\tat com.microsoft.playwright.impl.ChannelOwner.runUntil(ChannelOwner.java:118)\r\n\t... 34 more\r\n"},"stage":"finished","steps":[],"attachments":[],"parameters":[],"start":1703153525225,"stop":1703153528728}